[34760:37088:0717/045926.784:VERBOSE1:updater.cc(323)] Version: 128.0.6537.0, opt, 32 bits, command line: "C:\Program Files (x86)\Google\Update\GoogleUpdate.exe" "D:\ASPIRE~WORKSPACE\aspire\artifacts\bin\ApiGateway\Release\net8.0\appsettings.Development.json"
[34760:37088:0717/045926.784:VERBOSE1:updater.cc(325)] OS version: 10.0.19045.4651, System uptime (seconds): 351072, parent pid: 29624
[44116:36280:0717/045926.853:VERBOSE1:updater.cc(323)] Version: 128.0.6537.0, opt, 32 bits, command line: "C:\Program Files (x86)\Google\Update\GoogleUpdate.exe" --crash-handler --system "--database=C:\Program Files (x86)\Google\GoogleUpdater\128.0.6537.0\Crashpad" --url=https://clients2.google.com/cr/report --annotation=prod=Update4 --annotation=ver=128.0.6537.0 "--attachment=C:\Program Files (x86)\Google\GoogleUpdater\updater.log" --initial-client-data=0x2a4,0x2a8,0x2ac,0x280,0x2b0,0xfe2604,0xfe2610,0xfe261c
[44116:36280:0717/045926.853:VERBOSE1:updater.cc(325)] OS version: 10.0.19045.4651, System uptime (seconds): 351072, parent pid: 34760
[34760:37088:0717/045926.857:VERBOSE1:crash_reporter.cc(121)] Crash handler launched and ready.
[34760:37088:0717/045926.857:ERROR:crash_client.cc(112)] Failed to fetch completed crash reports: 3
[34760:37088:0717/045926.858:ERROR:crash_client.cc(128)] Failed to fetch pending crash reports: 3
[34760:37088:0717/045926.858:VERBOSE2:update_usage_stats_task_win.cc(57)] No app enables usagestats.
[34760:37088:0717/045926.858:VERBOSE2:update_usage_stats_task_win.cc(52)] usagestats enabled by app {8A69D345-D564-463C-AFF1-A69D9E530F96}
[34760:37088:0717/045926.858:ERROR:file_io_win.cc(181)] CreateFile C:\Program Files (x86)\Google\GoogleUpdater\128.0.6537.0\Crashpad\settings.dat: Odmowa dostępu. (0x5)
[34760:37088:0717/045926.859:ERROR:file_io_win.cc(181)] CreateFile C:\Program Files (x86)\Google\GoogleUpdater\128.0.6537.0\Crashpad\settings.dat: Odmowa dostępu. (0x5)
[34760:37088:0717/045926.859:VERBOSE1:updater.cc(101)] Crash reporting initialized.
[34760:37088:0717/045926.859:VERBOSE1:updater.cc(155)] IsUserAdmin: 0, IsUserNonElevatedAdmin: 1, IsUACOn: 1, IsElevatedWithUACOn: 0, LUA: 1
[34760:37088:0717/045926.860:VERBOSE1:updater.cc(217)] Unknown command line switch.
[34760:37088:0717/045926.860:VERBOSE1:updater.cc(330)] UpdaterMain (--) returned 9.
[44116:36280:0717/045926.869:VERBOSE1:updater.cc(330)] UpdaterMain (--crash-handler) returned 0.
[1788:28536:0717/045928.114:VERBOSE1:updater.cc(323)] Version: 128.0.6537.0, opt, 32 bits, command line: "C:\Program Files (x86)\Google\Update\GoogleUpdate.exe" "D:\ASPIRE~WORKSPACE\aspire\artifacts\bin\ApiGateway\Release\net8.0\appsettings.json"
[1788:28536:0717/045928.114:VERBOSE1:updater.cc(325)] OS version: 10.0.19045.4651, System uptime (seconds): 351073, parent pid: 29624
[47528:43692:0717/045928.179:VERBOSE1:updater.cc(323)] Version: 128.0.6537.0, opt, 32 bits, command line: "C:\Program Files (x86)\Google\Update\GoogleUpdate.exe" --crash-handler --system "--database=C:\Program Files (x86)\Google\GoogleUpdater\128.0.6537.0\Crashpad" --url=https://clients2.google.com/cr/report --annotation=prod=Update4 --annotation=ver=128.0.6537.0 "--attachment=C:\Program Files (x86)\Google\GoogleUpdater\updater.log" --initial-client-data=0x2a0,0x2a4,0x2a8,0x27c,0x2ac,0xfe2604,0xfe2610,0xfe261c
[47528:43692:0717/045928.179:VERBOSE1:updater.cc(325)] OS version: 10.0.19045.4651, System uptime (seconds): 351073, parent pid: 1788
[1788:28536:0717/045928.183:VERBOSE1:crash_reporter.cc(121)] Crash handler launched and ready.
[1788:28536:0717/045928.183:ERROR:crash_client.cc(112)] Failed to fetch completed crash reports: 3
[1788:28536:0717/045928.184:ERROR:crash_client.cc(128)] Failed to fetch pending crash reports: 3
[1788:28536:0717/045928.184:VERBOSE2:update_usage_stats_task_win.cc(57)] No app enables usagestats.
[1788:28536:0717/045928.184:VERBOSE2:update_usage_stats_task_win.cc(52)] usagestats enabled by app {8A69D345-D564-463C-AFF1-A69D9E530F96}
[1788:28536:0717/045928.184:ERROR:file_io_win.cc(181)] CreateFile C:\Program Files (x86)\Google\GoogleUpdater\128.0.6537.0\Crashpad\settings.dat: Odmowa dostępu. (0x5)
[1788:28536:0717/045928.185:ERROR:file_io_win.cc(181)] CreateFile C:\Program Files (x86)\Google\GoogleUpdater\128.0.6537.0\Crashpad\settings.dat: Odmowa dostępu. (0x5)
[1788:28536:0717/045928.185:VERBOSE1:updater.cc(101)] Crash reporting initialized.
[1788:28536:0717/045928.186:VERBOSE1:updater.cc(155)] IsUserAdmin: 0, IsUserNonElevatedAdmin: 1, IsUACOn: 1, IsElevatedWithUACOn: 0, LUA: 1
[1788:28536:0717/045928.186:VERBOSE1:updater.cc(217)] Unknown command line switch.
[1788:28536:0717/045928.186:VERBOSE1:updater.cc(330)] UpdaterMain (--) returned 9.
[47528:43692:0717/045928.195:VERBOSE1:updater.cc(330)] UpdaterMain (--crash-handler) returned 0.
[46376:17312:0717/045929.307:VERBOSE1:updater.cc(323)] Version: 128.0.6537.0, opt, 32 bits, command line: "C:\Program Files (x86)\Google\Update\GoogleUpdate.exe" "D:\ASPIRE~WORKSPACE\aspire\artifacts\bin\ApiGateway\Release\net8.0\ApiGateway.deps.json"
[46376:17312:0717/045929.307:VERBOSE1:updater.cc(325)] OS version: 10.0.19045.4651, System uptime (seconds): 351074, parent pid: 29624
[3864:47552:0717/045929.386:VERBOSE1:updater.cc(323)] Version: 128.0.6537.0, opt, 32 bits, command line: "C:\Program Files (x86)\Google\Update\GoogleUpdate.exe" --crash-handler --system "--database=C:\Program Files (x86)\Google\GoogleUpdater\128.0.6537.0\Crashpad" --url=https://clients2.google.com/cr/report --annotation=prod=Update4 --annotation=ver=128.0.6537.0 "--attachment=C:\Program Files (x86)\Google\GoogleUpdater\updater.log" --initial-client-data=0x2a0,0x2a4,0x2a8,0x27c,0x2ac,0xfe2604,0xfe2610,0xfe261c
[3864:47552:0717/045929.386:VERBOSE1:updater.cc(325)] OS version: 10.0.19045.4651, System uptime (seconds): 351074, parent pid: 46376
[46376:17312:0717/045929.387:VERBOSE1:crash_reporter.cc(121)] Crash handler launched and ready.
[46376:17312:0717/045929.387:ERROR:crash_client.cc(112)] Failed to fetch completed crash reports: 3
[46376:17312:0717/045929.387:ERROR:crash_client.cc(128)] Failed to fetch pending crash reports: 3
[46376:17312:0717/045929.388:VERBOSE2:update_usage_stats_task_win.cc(57)] No app enables usagestats.
[46376:17312:0717/045929.388:VERBOSE2:update_usage_stats_task_win.cc(52)] usagestats enabled by app {8A69D345-D564-463C-AFF1-A69D9E530F96}
[46376:17312:0717/045929.388:ERROR:file_io_win.cc(181)] CreateFile C:\Program Files (x86)\Google\GoogleUpdater\128.0.6537.0\Crashpad\settings.dat: Odmowa dostępu. (0x5)
[46376:17312:0717/045929.389:ERROR:file_io_win.cc(181)] CreateFile C:\Program Files (x86)\Google\GoogleUpdater\128.0.6537.0\Crashpad\settings.dat: Odmowa dostępu. (0x5)
[46376:17312:0717/045929.389:VERBOSE1:updater.cc(101)] Crash reporting initialized.
[46376:17312:0717/045929.390:VERBOSE1:updater.cc(155)] IsUserAdmin: 0, IsUserNonElevatedAdmin: 1, IsUACOn: 1, IsElevatedWithUACOn: 0, LUA: 1
[46376:17312:0717/045929.390:VERBOSE1:updater.cc(217)] Unknown command line switch.
[46376:17312:0717/045929.390:VERBOSE1:updater.cc(330)] UpdaterMain (--) returned 9.
[3864:47552:0717/045929.399:VERBOSE1:updater.cc(330)] UpdaterMain (--crash-handler) returned 0.
